156: (N/A - no previous measurement)
176
175: decreased
176
183
157: decreased
150: decreased
153
154
170
162: decreased
167
170
188
190
194
196
198
202
203
187: decreased
189
194
213
216
217
224
217: decreased
216: decreased
224
237
251
259
260
292
312
313
319
315: decreased
316
324
330
331
346
361
388
373: decreased
363: decreased
338: decreased
342
337: decreased
331: decreased
333
328: decreased
329
335
336
334: decreased
332: decreased
333
337
338
345
344: decreased
342: decreased
345
344: decreased
320: decreased
343
346
347
339: decreased
363
349: decreased
362
359: decreased
373
362: decreased
363
356: decreased
360
367
368
369
370
362: decreased
366
367
382
376: decreased
393
404
403: decreased
405
404: decreased
437
447
448
447: decreased
448
456
457
459
461
459: decreased
462
450: decreased
452
453
461
469
464: decreased
470
474
478
497
500
524
527
522: decreased
525
526
524: decreased
527
547
548
549
532: decreased
518: decreased
555
558
556: decreased
575
586
585: decreased
596
592: decreased
593
583: decreased
584
598
604
626
629
635
636
641
644
646
639: decreased
643
617: decreased
616: decreased
617
619
629
630
625: decreased
624: decreased
628
636
638
639
658
665
670
667: decreased
641: decreased
645
653
680
689
665: decreased
640: decreased
633: decreased
635
641
632: decreased
635
637
638
641
653
661
671
679
678: decreased
675: decreased
677
681
682
703
704
705
710
712
719
722
709: decreased
710
712
715
721
719: decreased
720
750
739: decreased
717: decreased
714: decreased
715
716
723
722: decreased
720: decreased
724
723: decreased
717: decreased
708: decreased
725
723: decreased
709: decreased
715
722
711: decreased
694: decreased
695
702
700: decreased
724
721: decreased
720: decreased
749
748: decreased
749
754
756
763
773
753: decreased
755
754: decreased
758
761
762
760: decreased
762
765
768
788
812
813
814
828
833
848
851
853
858
863
865
866
864: decreased
863: decreased
865
866
879
888
889
912
917
910: decreased
912
919
924
913: decreased
927
928
927: decreased
931
939
943
946
948
952
951: decreased
952
965
968
970
964: decreased
946: decreased
947
952
954
962
965
967
981
982
992
993
995
997
987: decreased
990
1005: decreased
1018
1000: decreased
999
1000: decreased
1001
983
978: decreased
1004: decreased
999
1002: decreased
1024
1022: decreased
1030
1037
1061
1071
1081
1083
1077: decreased
1076: decreased
1086
1101
1116
1137
1153
1158
1160
1167
1168
1184
1204
1214
1250
1271
1273
1272: decreased
1274
1297
1303
1304
1331
1349
1350
1355
1356
1357
1358
1371
1391
1396
1395: decreased
1399
1367: decreased
1368
1330: decreased
1327: decreased
1335
1336
1340
1331: decreased
1332
1329: decreased
1337
1324: decreased
1325
1326
1327
1313: decreased
1326
1328
1331
1307: decreased
1309
1310
1320
1324
1325
1324: decreased
1353
1354
1356
1357
1359
1360
1361
1357: decreased
1360
1362
1366
1373
1380
1399
1403
1414
1435
1439
1424: decreased
1433
1439
1446
1443: decreased
1444
1438: decreased
1435: decreased
1434: decreased
1426: decreased
1441
1451
1452
1463
1472
1468: decreased
1461: decreased
1489
1485: decreased
1487
1492
1489: decreased
1492
1489: decreased
1497
1468: decreased
1469
1473
1477
1476: decreased
1477
1502
1499: decreased
1501
1506
1502: decreased
1505
1512
1543
1541: decreased
1556
1557
1555: decreased
1557
1556: decreased
1530: decreased
1548
1545: decreased
1552
1559
1569
1570
1555: decreased
1563
1562: decreased
1565
1574
1573: decreased
1574
1573: decreased
1563: decreased
1572
1576
1571: decreased
1573
1565: decreased
1570
1571
1572
1579
1590
1591
1595
1597
1600
1596: decreased
1597
1596: decreased
1605
1607
1606: decreased
1607
1610
1612
1614
1620
1625
1639
1636: decreased
1639
1634: decreased
1633: decreased
1624: decreased
1644
1645
1642: decreased
1651
1654
1658
1663
1665
1666
1668
1671
1676
1663: decreased
1656: decreased
1659
1656: decreased
1655: decreased
1650: decreased
1656
1657
1667
1673
1674
1675
1676
1680
1673: decreased
1674
1677
1683
1690
1692
1697
1693: decreased
1694
1701
1714
1689: decreased
1691
1692
1684: decreased
1686
1685: decreased
1683: decreased
1685
1686
1692
1706
1694: decreased
1692: decreased
1702
1703
1723
1728
1726: decreased
1728
1729
1730
1738
1737: decreased
1703: decreased
1701: decreased
1714
1729
1730
1728: decreased
1729
1730
1729: decreased
1707: decreased
1714
1755
1760
1786
1787
1807
1814
1815
1813: decreased
1808: decreased
1810
1794: decreased
1797
1801
1800: decreased
1807
1802: decreased
1803
1804
1819
1821
1819: decreased
1828
1816: decreased
1817
1852
1839: decreased
1840
1837: decreased
1838
1877
1876: decreased
1868: decreased
1879
1886
1885: decreased
1886
1859: decreased
1864
1872
1905
1907
1912
1915
1920
1936
1935: decreased
1943
1945
1968
1963: decreased
1954: decreased
1969
1968: decreased
1976
1977
1978
1963: decreased
1961: decreased
1966
1968
1983
1984
1983: decreased
1982: decreased
1954: decreased
1957
1959
1970
1980
1986
1996
1997
1964: decreased
1957: decreased
1958
1957: decreased
1969
1982
1988
1985: decreased
1986
1982: decreased
1981: decreased
1980: decreased
2007
1999: decreased
2002
2033
2039
2040
2028: decreased
2048
2049
2047: decreased
2046: decreased
2051
2049: decreased
2036: decreased
2028: decreased
2041
2038: decreased
2041
2044
2052
2058
2060
2063
2068
2071
2070: decreased
2076
2075: decreased
2055: decreased
2054: decreased
2049: decreased
2035: decreased
2038
2048
2071
2090
2097
2102
2086: decreased
2085: decreased
2083: decreased
2085
2090
2107
2106: decreased
2138
2144
2151
2142: decreased
2153
2154
2155
2156
2159
2155: decreased
2178
2181
2182
2189
2190
2194
2197
2198
2194: decreased
2198
2201
2202
2201: decreased
2199: decreased
2171: decreased
2169: decreased
2164: decreased
2178
2181
2186
2187
2188
2191
2190: decreased
2193
2211
2226
2241
2227: decreased
2253
2259
2281
2282
2283
2282: decreased
2264: decreased
2263: decreased
2278
2295
2299
2290: decreased
2291
2294
2307
2306: decreased
2315
2314: decreased
2316
2315: decreased
2340
2339: decreased
2350
2362
2365
2322: decreased
2339
2340
2353
2368
2363: decreased
2361: decreased
2370
2371
2376
2368: decreased
2369
2371
2372
2394
2408
2415
2417
2399: decreased
2405
2408
2410
2417
2418
2425
2426
2424: decreased
2423: decreased
2453
2456
2467
2475
2478
2480
2487
2503
2506
2502: decreased
2508
2494: decreased
2497
2502
2505
2511
2512
2509: decreased
2516
2511: decreased
2516
2523
2493: decreased
2500
2502
2506
2507
2483: decreased
2486
2484: decreased
2454: decreased
2456
2467
2470
2473
2485
2484: decreased
2491
2492
2496
2497
2518
2483: decreased
2484
2511
2516
2485: decreased
2486
2487
2482: decreased
2483
2484
2481: decreased
2508
2512
2503: decreased
2511
2542
2536: decreased
2538
2547
2540: decreased
2531: decreased
2532
2535
2526: decreased
2525: decreased
2552
2562
2563
2564
2563: decreased
2562: decreased
2561: decreased
2564
2565
2567
2568
2563: decreased
2564
2576
2577
2582
2573: decreased
2569: decreased
2564: decreased
2570
2568: decreased
2571
2582
2564: decreased
2566
2564: decreased
2579
2588
2587: decreased
2590
2592
2598
2611
2634
2653
2652: decreased
2648: decreased
2649
2650
2636: decreased
2641
2660
2661
2659: decreased
2661
2653: decreased
2654
2640: decreased
2638: decreased
2636: decreased
2635: decreased
2633: decreased
2635
2636
2656
2657
2658
2667
2679
2707
2697: decreased
2708
2702: decreased
2703
2714
2715
2722
2726
2730
2720: decreased
2724
2725
2733
2745
2748
2750
2746: decreased
2736: decreased
2737
2739
2740
2720: decreased
2729
2734
2726: decreased
2739
2734: decreased
2736
2735: decreased
2736
2735: decreased
2737
2727: decreased
2694: decreased
2692: decreased
2702
2703
2710
2713
2708: decreased
2710
2721
2731
2722: decreased
2723
2724
2742
2750
2745: decreased
2735: decreased
2745
2748
2778
2770: decreased
2772
2773
2772: decreased
2773
2768: decreased
2779
2778: decreased
2779
2802
2801: decreased
2809
2810
2814
2833
2835
2844
2859
2860
2861
2865
2870
2872
2870: decreased
2876
2875: decreased
2877
2883
2872: decreased
2871: decreased
2872
2891
2889: decreased
2890
2868: decreased
2866: decreased
2864: decreased
2867
2862: decreased
2863
2864
2867
2870
2874
2875
2895
2887: decreased
2886: decreased
2887
2886: decreased
2889
2890
2891
2890: decreased
2867: decreased
2888
2895
2896
2891: decreased
2894
2896
2886: decreased
2888
2892
2878: decreased
2871: decreased
2876
2877
2875: decreased
2874: decreased
2875
2887
2875: decreased
2901
2920
2923
2924
2925
2907: decreased
2908
2931
2932
2933
2937
2951
2952
2951: decreased
2947: decreased
2967
2966: decreased
2962: decreased
2972
2953: decreased
2941: decreased
2962
2988
2995
3014
3008: decreased
3009
3024
3034
3029: decreased
3038
3058
3059
3060
3037: decreased
3040
3039: decreased
3030: decreased
3046
3058
3059
3067
3069
3082
3086
3088
3089
3086: decreased
3097
3105
3116
3114: decreased
3148
3152
3154
3164
3196
3198
3200
3212
3217
3224
3247
3249
3250
3251
3256
3243: decreased
3247
3249
3250
3249: decreased
3254
3255
3256
3273
3274
3275
3273: decreased
3274
3276
3263: decreased
3271
3272
3290
3289: decreased
3290
3292
3279: decreased
3284
3273: decreased
3277
3284
3289
3292
3301
3300: decreased
3338
3340
3375
3384
3382: decreased
3375: decreased
3377
3373: decreased
3376
3375: decreased
3382
3385
3404
3400: decreased
3403
3415
3408: decreased
3420
3421
3422
3419: decreased
3423
3432
3434
3435
3436
3438
3431: decreased
3426: decreased
3434
3460
3462
3463
3438: decreased
3445
3446
3451
3448: decreased
3468
3460: decreased
3453: decreased
3459
3464
3465
3459: decreased
3465
3462: decreased
3464
3474
3489
3501
3502
3503
3506
3507
3515
3505: decreased
3508
3509
3508: decreased
3510
3494: decreased
3495
3494: decreased
3495
3496
3497
3500
3513
3512: decreased
3513
3514
3531
3533
3531: decreased
3523: decreased
3524
3528
3550
3549: decreased
3538: decreased
3532: decreased
3529: decreased
3535
3526: decreased
3529
3528: decreased
3563
3533: decreased
3534
3541
3543
3544
3543: decreased
3565
3576
3581
3622
3624
3630
3622: decreased
3628
3640
3649
3644: decreased
3645
3655
3654: decreased
3648: decreased
3649
3644: decreased
3642: decreased
3643
3668
3672
3688
3718
3724
3734
3737
3758
3757: decreased
3760
3761
3777
3775: decreased
3770: decreased
3767: decreased
3768
3767: decreased
3774
3771: decreased
3778
3776: decreased
3782
3790
3791
3803
3819
3824
3822: decreased
3828
3819: decreased
3805: decreased
3809
3808: decreased
3809
3815
3817
3819
3817: decreased
3821
3842
3846
3844: decreased
3842: decreased
3857
3858
3876
3869: decreased
3878
3848: decreased
3850
3840: decreased
3862
3861: decreased
3859: decreased
3869
3872
3865: decreased
3864: decreased
3859: decreased
3861
3854: decreased
3853: decreased
3854
3850: decreased
3851
3860
3866
3850: decreased
3846: decreased
3847
3864
3852: decreased
3859
3857: decreased
3860
3859: decreased
3860
3862
3877
3880
3881
3914
3911: decreased
3913
3923
3924
3934
3936
3927: decreased
3934
3939
3940
3942
3936: decreased
3937
3936: decreased
3956
3936: decreased
3937
3942
3943
3951
3954
3966
3978
3980
3992
3997
4001
3991: decreased
3990: decreased
3994
4000
4007
4010
4014
3990: decreased
3991
3992
3995
4005
4006
4009
4022
4023
4026
4003: decreased
4017
4018
4020
4021
4023
4026
4028
4027: decreased
4016: decreased
4015: decreased
4011: decreased
4001: decreased
4027
4031
4033
4045
4059
4065
4063: decreased
4064
4065
4070
4075
4076
4069: decreased
4052: decreased
4054
4024: decreased
4017: decreased
4018
4017: decreased
4018
4015: decreased
4011: decreased
4014
4015
4022
4009: decreased
4008: decreased
4009
3988: decreased
4010
4025
3990: decreased
3998
4002
4008
4006: decreased
4008
4015
4013: decreased
4010: decreased
4019
4035
4034: decreased
4036
4044
4073
4070: decreased
4067: decreased
4068
4086
4087
4088
4085: decreased
4084: decreased
4083: decreased
4086
4083: decreased
4082: decreased
4083
4080: decreased
4077: decreased
4049: decreased
4050
4052
4053
4057
4065
4068
4065: decreased
4083
4084
4101
4110
4114
4113: decreased
4111: decreased
4112
4116
4094: decreased
4101
4105
4104: decreased
4107
4106: decreased
4120
4138
4147
4148
4152
4157
4160
4161
4163
4155: decreased
4153: decreased
4156
4178
4179
4184
4203
4206
4208
4212
4196: decreased
4197
4169: decreased
4173
4159: decreased
4160
4161
4162
4163
4160: decreased
4162
4164
4165
4166
4168
4166: decreased
4167
4157: decreased
4166
4157: decreased
4159
4175
4173: decreased
4162: decreased
4153: decreased
4137: decreased
4142
4144
4145
4146
4152
4158
4173
4171: decreased
4167: decreased
4168
4173
4172: decreased
4173
4178
4181
4161: decreased
4164
4160: decreased
4153: decreased
4155
4154: decreased
4149: decreased
4160
4162
4178
4172: decreased
4174
4183
4184
4192
4198
4201
4204
4210
4211
4216
4222
4232
4233
4248
4250
4254
4255
4270
4275
4276
4282
4289
4287: decreased
4288
4290
4291
4319
4334
4352
4360
4367
4377
4384
4407
4408
4407: decreased
4419
4404: decreased
4407
4423
4425
4424: decreased
4428
4429
4451
4446: decreased
4444: decreased
4445
4449
4472
4474
4475
4486
4496
4470: decreased
4473
4478
4477: decreased
4478
4480
4491
4492
4487: decreased
4486: decreased
4494
4499
4521
4520: decreased
4532
4536
4510: decreased
4516
4526
4534
4515: decreased
4509: decreased
4510
4511
4472: decreased
4473
4483
4477: decreased
4478
4497
4522
4524
4550
4553
4558
4559
4543: decreased
4534: decreased
4533: decreased
4521: decreased
4525
4526
4514: decreased
4520
4515: decreased
4503: decreased
4506
4511
4529
4530
4536
4538
4551
4553
4558
4561
4545: decreased
4542: decreased
4546
4534: decreased
4533: decreased
4535
4539
4536: decreased
4532: decreased
4541
4545
4538: decreased
4535: decreased
4516: decreased
4514: decreased
4513: decreased
4538
4549
4556
4562
4563
4564
4568
4570
4575
4576
4591
4577: decreased
4589
4590
4571: decreased
4576
4574: decreased
4575
4576
4574: decreased
4577
4574: decreased
4575
4588
4580: decreased
4598
4595: decreased
4610
4603: decreased
4604
4605
4593: decreased
4594
4580: decreased
4583
4604
4613
4614
4631
4629: decreased
4647
4628: decreased
4615: decreased
4634
4635
4636
4640
4646
4652
4651: decreased
4653
4649: decreased
4643: decreased
4645
4642: decreased
4643
4639: decreased
4644
4655
4658
4659
4660
4668
4669
4670
4680
4692
4682: decreased
4686
4688
4691
4690: decreased
4697
4698
4700
4703
4709
4713
4718
4720
4728
4742
4744
4743: decreased
4751
4753
4741: decreased
4747
4750
4751
4733: decreased
4732: decreased
4734
4723: decreased
4724
4738
4739
4767
4773
4775
4778
4782
4786
4790
4754: decreased
4757
4769
4763: decreased
4768
4770
4773
4798
4818
4819
4820
4819: decreased
4820
4822
4830
4828: decreased
4830
4815: decreased
4821
4828
4826: decreased
4829
4828: decreased
4824: decreased
4823: decreased
4827
4809: decreased
4816
4818
4819
4821
4822
4833
4837
4834: decreased
4835
4838
4848
4855
4866
4864: decreased
4859: decreased
4879
4882
4880: decreased
4878: decreased
4860: decreased
4847: decreased
4850
4835: decreased
4836
4840
4827: decreased
4849
4848: decreased
4849
4855
4847: decreased
4842: decreased
4846
4849
4807: decreased
4809
4815
4842
4847
4863
4846: decreased
4845: decreased
4844: decreased
4846
4849
4861
4841: decreased
4861
4862
4881
4880: decreased
4890
4892
4895
4916
4917
4923
4943
4945
4944: decreased
4946
4957
4955: decreased
4943: decreased
4939: decreased
4955
4957
4961
4962
4970
4972
4973
4979
4964: decreased
4963: decreased
4960: decreased
4961
4955: decreased
4946: decreased
4951
4949: decreased
4962
4964
4968
4976
4965: decreased
4967
4961: decreased
4965
4966
4953: decreased
4923: decreased
4928
4929
4932
4934
4936
4951
4949: decreased
4950
4976
4975: decreased
4996
4999
5007
5011
5010: decreased
5004: decreased
5017
5022
5016: decreased
5015: decreased
5022
5016: decreased
5025
5040
5033: decreased
5037
5024: decreased
5025
5028
5030
5026: decreased
5025: decreased
5028
5029
5035
5034: decreased
5058
5061
5060: decreased
5065
5049: decreased
5056
5055: decreased
5050: decreased
5068
5069
5074
5090
5083: decreased
5068: decreased
5080
5079: decreased
5080
5081
5084
5099
5100
5115
5114: decreased
5119
5120
5128
5120: decreased
5131
5130: decreased
5120: decreased
5113: decreased
5126
5130
5156
5158
5159
5163
5162: decreased
5125: decreased
5126
5135
5162
5166
5173
5169: decreased
5177
5183
5199
5200
5188: decreased
5191
5192
5184: decreased
5193
5203
5206
5214
5219
5215: decreased
5230
5231
5208: decreased
5207: decreased
5208
5181: decreased
5161: decreased
5162
5164
5189
5190
5170: decreased
1392
