156: (N/A - no previous measurement)
176
176
183
153
154
170
167
170
188
190
194
196
198
202
203
189
194
213
216
217
224
224
237
251
259
260
292
312
313
319
316
324
330
331
346
361
388
342
333
329
335
336
333
337
338
345
345
343
346
347
363
362
373
363
360
367
368
369
370
366
367
382
393
404
405
437
447
448
448
456
457
459
461
462
452
453
461
469
470
474
478
497
500
524
527
525
526
527
547
548
549
555
558
575
586
596
593
584
598
604
626
629
635
636
641
644
646
643
617
619
629
630
628
636
638
639
658
665
670
645
653
680
689
635
641
635
637
638
641
653
661
671
679
677
681
682
703
704
705
710
712
719
722
710
712
715
721
720
750
715
716
723
724
725
715
722
695
702
724
749
749
754
756
763
773
755
758
761
762
762
765
768
788
812
813
814
828
833
848
851
853
858
863
865
866
865
866
879
888
889
912
917
912
919
924
927
928
931
939
943
946
948
952
952
965
968
970
947
952
954
962
965
967
981
982
992
993
995
997
990
1018
999
1001
983
999
1024
1030
1037
1061
1071
1081
1083
1086
1101
1116
1137
1153
1158
1160
1167
1168
1184
1204
1214
1250
1271
1273
1274
1297
1303
1304
1331
1349
1350
1355
1356
1357
1358
1371
1391
1396
1399
1368
1335
1336
1340
1332
1337
1325
1326
1327
1326
1328
1331
1309
1310
1320
1324
1325
1353
1354
1356
1357
1359
1360
1361
1360
1362
1366
1373
1380
1399
1403
1414
1435
1439
1433
1439
1446
1444
1441
1451
1452
1463
1472
1489
1487
1492
1492
1497
1469
1473
1477
1477
1502
1501
1506
1505
1512
1543
1556
1557
1557
1548
1552
1559
1569
1570
1563
1565
1574
1574
1572
1576
1573
1570
1571
1572
1579
1590
1591
1595
1597
1600
1597
1605
1607
1607
1610
1612
1614
1620
1625
1639
1639
1644
1645
1651
1654
1658
1663
1665
1666
1668
1671
1676
1659
1656
1657
1667
1673
1674
1675
1676
1680
1674
1677
1683
1690
1692
1697
1694
1701
1714
1691
1692
1686
1685
1686
1692
1706
1702
1703
1723
1728
1728
1729
1730
1738
1714
1729
1730
1729
1730
1714
1755
1760
1786
1787
1807
1814
1815
1810
1797
1801
1807
1803
1804
1819
1821
1828
1817
1852
1840
1838
1877
1879
1886
1886
1864
1872
1905
1907
1912
1915
1920
1936
1943
1945
1968
1969
1976
1977
1978
1966
1968
1983
1984
1957
1959
1970
1980
1986
1996
1997
1958
1969
1982
1988
1986
2007
2002
2033
2039
2040
2048
2049
2051
2041
2041
2044
2052
2058
2060
2063
2068
2071
2076
2038
2048
2071
2090
2097
2102
2085
2090
2107
2138
2144
2151
2153
2154
2155
2156
2159
2178
2181
2182
2189
2190
2194
2197
2198
2198
2201
2202
2178
2181
2186
2187
2188
2191
2193
2211
2226
2241
2253
2259
2281
2282
2283
2278
2295
2299
2291
2294
2307
2315
2316
2340
2350
2362
2365
2339
2340
2353
2368
2370
2371
2376
2369
2371
2372
2394
2408
2415
2417
2405
2408
2410
2417
2418
2425
2426
2453
2456
2467
2475
2478
2480
2487
2503
2506
2508
2497
2502
2505
2511
2512
2516
2516
2523
2500
2502
2506
2507
2486
2456
2467
2470
2473
2485
2491
2492
2496
2497
2518
2484
2511
2516
2486
2487
2483
2484
2508
2512
2511
2542
2538
2547
2532
2535
2552
2562
2563
2564
2564
2565
2567
2568
2564
2576
2577
2582
2570
2571
2582
2566
2579
2588
2590
2592
2598
2611
2634
2653
2649
2650
2641
2660
2661
2661
2654
2635
2636
2656
2657
2658
2667
2679
2707
2708
2703
2714
2715
2722
2726
2730
2724
2725
2733
2745
2748
2750
2737
2739
2740
2729
2734
2739
2736
2736
2737
2702
2703
2710
2713
2710
2721
2731
2723
2724
2742
2750
2745
2748
2778
2772
2773
2773
2779
2779
2802
2809
2810
2814
2833
2835
2844
2859
2860
2861
2865
2870
2872
2876
2877
2883
2872
2891
2890
2867
2863
2864
2867
2870
2874
2875
2895
2887
2889
2890
2891
2888
2895
2896
2894
2896
2888
2892
2876
2877
2875
2887
2901
2920
2923
2924
2925
2908
2931
2932
2933
2937
2951
2952
2967
2972
2962
2988
2995
3014
3009
3024
3034
3038
3058
3059
3060
3040
3046
3058
3059
3067
3069
3082
3086
3088
3089
3097
3105
3116
3148
3152
3154
3164
3196
3198
3200
3212
3217
3224
3247
3249
3250
3251
3256
3247
3249
3250
3254
3255
3256
3273
3274
3275
3274
3276
3271
3272
3290
3290
3292
3284
3277
3284
3289
3292
3301
3338
3340
3375
3384
3377
3376
3382
3385
3404
3403
3415
3420
3421
3422
3423
3432
3434
3435
3436
3438
3434
3460
3462
3463
3445
3446
3451
3468
3459
3464
3465
3465
3464
3474
3489
3501
3502
3503
3506
3507
3515
3508
3509
3510
3495
3495
3496
3497
3500
3513
3513
3514
3531
3533
3524
3528
3550
3535
3529
3563
3534
3541
3543
3544
3565
3576
3581
3622
3624
3630
3628
3640
3649
3645
3655
3649
3643
3668
3672
3688
3718
3724
3734
3737
3758
3760
3761
3777
3768
3774
3778
3782
3790
3791
3803
3819
3824
3828
3809
3809
3815
3817
3819
3821
3842
3846
3857
3858
3876
3878
3850
3862
3869
3872
3861
3854
3851
3860
3866
3847
3864
3859
3860
3860
3862
3877
3880
3881
3914
3913
3923
3924
3934
3936
3934
3939
3940
3942
3937
3956
3937
3942
3943
3951
3954
3966
3978
3980
3992
3997
4001
3994
4000
4007
4010
4014
3991
3992
3995
4005
4006
4009
4022
4023
4026
4017
4018
4020
4021
4023
4026
4028
4027
4031
4033
4045
4059
4065
4064
4065
4070
4075
4076
4054
4018
4018
4014
4015
4022
4009
4010
4025
3998
4002
4008
4008
4015
4019
4035
4036
4044
4073
4068
4086
4087
4088
4086
4083
4050
4052
4053
4057
4065
4068
4083
4084
4101
4110
4114
4112
4116
4101
4105
4107
4120
4138
4147
4148
4152
4157
4160
4161
4163
4156
4178
4179
4184
4203
4206
4208
4212
4197
4173
4160
4161
4162
4163
4162
4164
4165
4166
4168
4167
4166
4159
4175
4142
4144
4145
4146
4152
4158
4173
4168
4173
4173
4178
4181
4164
4155
4160
4162
4178
4174
4183
4184
4192
4198
4201
4204
4210
4211
4216
4222
4232
4233
4248
4250
4254
4255
4270
4275
4276
4282
4289
4288
4290
4291
4319
4334
4352
4360
4367
4377
4384
4407
4408
4419
4407
4423
4425
4428
4429
4451
4445
4449
4472
4474
4475
4486
4496
4473
4478
4478
4480
4491
4492
4494
4499
4521
4532
4536
4516
4526
4534
4510
4511
4473
4483
4478
4497
4522
4524
4550
4553
4558
4559
4525
4526
4520
4506
4511
4529
4530
4536
4538
4551
4553
4558
4561
4546
4535
4539
4541
4545
4538
4549
4556
4562
4563
4564
4568
4570
4575
4576
4591
4589
4590
4576
4575
4576
4577
4575
4588
4598
4610
4604
4605
4594
4583
4604
4613
4614
4631
4647
4634
4635
4636
4640
4646
4652
4653
4645
4643
4644
4655
4658
4659
4660
4668
4669
4670
4680
4692
4686
4688
4691
4697
4698
4700
4703
4709
4713
4718
4720
4728
4742
4744
4751
4753
4747
4750
4751
4734
4724
4738
4739
4767
4773
4775
4778
4782
4786
4790
4757
4769
4768
4770
4773
4798
4818
4819
4820
4820
4822
4830
4830
4821
4828
4829
4827
4816
4818
4819
4821
4822
4833
4837
4835
4838
4848
4855
4866
4879
4882
4850
4836
4840
4849
4849
4855
4846
4849
4809
4815
4842
4847
4863
4846
4849
4861
4861
4862
4881
4890
4892
4895
4916
4917
4923
4943
4945
4946
4957
4955
4957
4961
4962
4970
4972
4973
4979
4961
4951
4962
4964
4968
4976
4967
4965
4966
4928
4929
4932
4934
4936
4951
4950
4976
4996
4999
5007
5011
5017
5022
5022
5025
5040
5037
5025
5028
5030
5028
5029
5035
5058
5061
5065
5056
5068
5069
5074
5090
5080
5080
5081
5084
5099
5100
5115
5119
5120
5128
5131
5126
5130
5156
5158
5159
5163
5126
5135
5162
5166
5173
5177
5183
5199
5200
5191
5192
5193
5203
5206
5214
5219
5230
5231
5208
5162
5164
5189
5190
1392
